# JRE version: 7.0_21-b11
# Java VM: Java HotSpot(TM) 64-Bit Server VM (23.21-b01 mixed mode windows-amd64 compressed oops)
Heap
 PSYoungGen      total 147456K, used 127963K [0x00000000f5560000, 0x0000000100000000, 0x0000000100000000)
  eden space 119168K, 92% used [0x00000000f5560000,0x00000000fc143dd8,0x00000000fc9c0000)
  from space 28288K, 61% used [0x00000000fe460000,0x00000000ff572fa0,0x0000000100000000)
  to   space 27264K, 0% used [0x00000000fc9c0000,0x00000000fc9c0000,0x00000000fe460000)
 ParOldGen       total 84480K, used 53336K [0x00000000e0000000, 0x00000000e5280000, 0x00000000f5560000)
  object space 84480K, 63% used [0x00000000e0000000,0x00000000e34162b0,0x00000000e5280000)
 PSPermGen       total 25088K, used 25012K [0x00000000dae00000, 0x00000000dc680000, 0x00000000e0000000)
  object space 25088K, 99% used [0x00000000dae00000,0x00000000dc66d250,0x00000000dc680000)
GC Heap History (10 events):
Event: 1.519 GC heap before
{Heap before GC invocations=2 (full 0):
 PSYoungGen      total 36928K, used 36896K [0x00000000f5560000, 0x00000000f7e90000, 0x0000000100000000)
  eden space 31680K, 100% used [0x00000000f5560000,0x00000000f7450000,0x00000000f7450000)
  from space 5248K, 99% used [0x00000000f7450000,0x00000000f7968298,0x00000000f7970000)
  to   space 5248K, 0% used [0x00000000f7970000,0x00000000f7970000,0x00000000f7e90000)
 ParOldGen       total 84480K, used 118K [0x00000000e0000000, 0x00000000e5280000, 0x00000000f5560000)
  object space 84480K, 0% used [0x00000000e0000000,0x00000000e001daf8,0x00000000e5280000)
 PSPermGen       total 21248K, used 11915K [0x00000000dae00000, 0x00000000dc2c0000, 0x00000000e0000000)
  object space 21248K, 56% used [0x00000000dae00000,0x00000000db9a2df0,0x00000000dc2c0000)
Event: 1.537 GC heap after
Heap after GC invocations=2 (full 0):
 PSYoungGen      total 36928K, used 5224K [0x00000000f5560000, 0x00000000f9d80000, 0x0000000100000000)
  eden space 31680K, 0% used [0x00000000f5560000,0x00000000f5560000,0x00000000f7450000)
  from space 5248K, 99% used [0x00000000f7970000,0x00000000f7e8a050,0x00000000f7e90000)
  to   space 5248K, 0% used [0x00000000f7450000,0x00000000f7450000,0x00000000f7970000)
 ParOldGen       total 84480K, used 9215K [0x00000000e0000000, 0x00000000e5280000, 0x00000000f5560000)
  object space 84480K, 10% used [0x00000000e0000000,0x00000000e08fffe0,0x00000000e5280000)
 PSPermGen       total 21248K, used 11915K [0x00000000dae00000, 0x00000000dc2c0000, 0x00000000e0000000)
  object space 21248K, 56% used [0x00000000dae00000,0x00000000db9a2df0,0x00000000dc2c0000)
}
Event: 1.717 GC heap before
{Heap before GC invocations=3 (full 0):
 PSYoungGen      total 36928K, used 36904K [0x00000000f5560000, 0x00000000f9d80000, 0x0000000100000000)
  eden space 31680K, 100% used [0x00000000f5560000,0x00000000f7450000,0x00000000f7450000)
  from space 5248K, 99% used [0x00000000f7970000,0x00000000f7e8a050,0x00000000f7e90000)
  to   space 5248K, 0% used [0x00000000f7450000,0x00000000f7450000,0x00000000f7970000)
 ParOldGen       total 84480K, used 9215K [0x00000000e0000000, 0x00000000e5280000, 0x00000000f5560000)
  object space 84480K, 10% used [0x00000000e0000000,0x00000000e08fffe0,0x00000000e5280000)
 PSPermGen       total 21248K, used 12823K [0x00000000dae00000, 0x00000000dc2c0000, 0x00000000e0000000)
  object space 21248K, 60% used [0x00000000dae00000,0x00000000dba85d20,0x00000000dc2c0000)
Event: 1.743 GC heap after
Heap after GC invocations=3 (full 0):
 PSYoungGen      total 36928K, used 5240K [0x00000000f5560000, 0x00000000f9d80000, 0x0000000100000000)
  eden space 31680K, 0% used [0x00000000f5560000,0x00000000f5560000,0x00000000f7450000)
  from space 5248K, 99% used [0x00000000f7450000,0x00000000f796e050,0x00000000f7970000)
  to   space 5248K, 0% used [0x00000000f9860000,0x00000000f9860000,0x00000000f9d80000)
 ParOldGen       total 84480K, used 25291K [0x00000000e0000000, 0x00000000e5280000, 0x00000000f5560000)
  object space 84480K, 29% used [0x00000000e0000000,0x00000000e18b2c18,0x00000000e5280000)
 PSPermGen       total 21248K, used 12823K [0x00000000dae00000, 0x00000000dc2c0000, 0x00000000e0000000)
  object space 21248K, 60% used [0x00000000dae00000,0x00000000dba85d20,0x00000000dc2c0000)
}
Event: 2.130 GC heap before
{Heap before GC invocations=4 (full 0):
 PSYoungGen      total 36928K, used 36920K [0x00000000f5560000, 0x00000000f9d80000, 0x0000000100000000)
  eden space 31680K, 100% used [0x00000000f5560000,0x00000000f7450000,0x00000000f7450000)
  from space 5248K, 99% used [0x00000000f7450000,0x00000000f796e050,0x00000000f7970000)
  to   space 5248K, 0% used [0x00000000f9860000,0x00000000f9860000,0x00000000f9d80000)
 ParOldGen       total 84480K, used 25291K [0x00000000e0000000, 0x00000000e5280000, 0x00000000f5560000)
  object space 84480K, 29% used [0x00000000e0000000,0x00000000e18b2c18,0x00000000e5280000)
 PSPermGen       total 21248K, used 13498K [0x00000000dae00000, 0x00000000dc2c0000, 0x00000000e0000000)
  object space 21248K, 63% used [0x00000000dae00000,0x00000000dbb2e8b8,0x00000000dc2c0000)
Event: 2.152 GC heap after
Heap after GC invocations=4 (full 0):
 PSYoungGen      total 68608K, used 5224K [0x00000000f5560000, 0x00000000f9d80000, 0x0000000100000000)
  eden space 63360K, 0% used [0x00000000f5560000,0x00000000f5560000,0x00000000f9340000)
  from space 5248K, 99% used [0x00000000f9860000,0x00000000f9d7a040,0x00000000f9d80000)
  to   space 5248K, 0% used [0x00000000f9340000,0x00000000f9340000,0x00000000f9860000)
 ParOldGen       total 84480K, used 35489K [0x00000000e0000000, 0x00000000e5280000, 0x00000000f5560000)
  object space 84480K, 42% used [0x00000000e0000000,0x00000000e22a8628,0x00000000e5280000)
 PSPermGen       total 21248K, used 13498K [0x00000000dae00000, 0x00000000dc2c0000, 0x00000000e0000000)
  object space 21248K, 63% used [0x00000000dae00000,0x00000000dbb2e8b8,0x00000000dc2c0000)
}
Event: 2.914 GC heap before
{Heap before GC invocations=5 (full 0):
 PSYoungGen      total 68608K, used 68584K [0x00000000f5560000, 0x00000000f9d80000, 0x0000000100000000)
  eden space 63360K, 100% used [0x00000000f5560000,0x00000000f9340000,0x00000000f9340000)
  from space 5248K, 99% used [0x00000000f9860000,0x00000000f9d7a040,0x00000000f9d80000)
  to   space 5248K, 0% used [0x00000000f9340000,0x00000000f9340000,0x00000000f9860000)
 ParOldGen       total 84480K, used 35489K [0x00000000e0000000, 0x00000000e5280000, 0x00000000f5560000)
  object space 84480K, 42% used [0x00000000e0000000,0x00000000e22a8628,0x00000000e5280000)
 PSPermGen       total 21248K, used 16675K [0x00000000dae00000, 0x00000000dc2c0000, 0x00000000e0000000)
  object space 21248K, 78% used [0x00000000dae00000,0x00000000dbe48e68,0x00000000dc2c0000)
Event: 2.943 GC heap after
Heap after GC invocations=5 (full 0):
 PSYoungGen      total 68608K, used 5224K [0x00000000f5560000, 0x0000000100000000, 0x0000000100000000)
  eden space 63360K, 0% used [0x00000000f5560000,0x00000000f5560000,0x00000000f9340000)
  from space 5248K, 99% used [0x00000000f9340000,0x00000000f985a060,0x00000000f9860000)
  to   space 28288K, 0% used [0x00000000fe460000,0x00000000fe460000,0x0000000100000000)
 ParOldGen       total 84480K, used 53336K [0x00000000e0000000, 0x00000000e5280000, 0x00000000f5560000)
  object space 84480K, 63% used [0x00000000e0000000,0x00000000e34162b0,0x00000000e5280000)
 PSPermGen       total 21248K, used 16675K [0x00000000dae00000, 0x00000000dc2c0000, 0x00000000e0000000)
  object space 21248K, 78% used [0x00000000dae00000,0x00000000dbe48e68,0x00000000dc2c0000)
}
Event: 4.307 GC heap before
{Heap before GC invocations=6 (full 0):
 PSYoungGen      total 68608K, used 68584K [0x00000000f5560000, 0x0000000100000000, 0x0000000100000000)
  eden space 63360K, 100% used [0x00000000f5560000,0x00000000f9340000,0x00000000f9340000)
  from space 5248K, 99% used [0x00000000f9340000,0x00000000f985a060,0x00000000f9860000)
  to   space 28288K, 0% used [0x00000000fe460000,0x00000000fe460000,0x0000000100000000)
 ParOldGen       total 84480K, used 53336K [0x00000000e0000000, 0x00000000e5280000, 0x00000000f5560000)
  object space 84480K, 63% used [0x00000000e0000000,0x00000000e34162b0,0x00000000e5280000)
 PSPermGen       total 21248K, used 19792K [0x00000000dae00000, 0x00000000dc2c0000, 0x00000000e0000000)
  object space 21248K, 93% used [0x00000000dae00000,0x00000000dc154170,0x00000000dc2c0000)
Event: 4.338 GC heap after
Heap after GC invocations=6 (full 0):
 PSYoungGen      total 147456K, used 17483K [0x00000000f5560000, 0x0000000100000000, 0x0000000100000000)
  eden space 119168K, 0% used [0x00000000f5560000,0x00000000f5560000,0x00000000fc9c0000)
  from space 28288K, 61% used [0x00000000fe460000,0x00000000ff572fa0,0x0000000100000000)
  to   space 27264K, 0% used [0x00000000fc9c0000,0x00000000fc9c0000,0x00000000fe460000)
 ParOldGen       total 84480K, used 53336K [0x00000000e0000000, 0x00000000e5280000, 0x00000000f5560000)
  object space 84480K, 63% used [0x00000000e0000000,0x00000000e34162b0,0x00000000e5280000)
 PSPermGen       total 21248K, used 19792K [0x00000000dae00000, 0x00000000dc2c0000, 0x00000000e0000000)
  object space 21248K, 93% used [0x00000000dae00000,0x00000000dc154170,0x00000000dc2c0000)
}

